<?xml version="1.0" encoding="UTF-8"?>
<testsuite name="ResistorColorTest" tests="4" skipped="0" failures="0" errors="0" timestamp="2024-04-16T04:02:40" hostname="LAPTOP-GIIS5511" time="0.08">
  <properties/>
  <testcase name="testWhiteColorCode()" classname="ResistorColorTest" time="0.061"/>
  <testcase name="testColors()" classname="ResistorColorTest" time="0.013"/>
  <testcase name="testBlackColorCode()" classname="ResistorColorTest" time="0.001"/>
  <testcase name="testOrangeColorCode()" classname="ResistorColorTest" time="0.001"/>
  <system-out><![CDATA[]]></system-out>
  <system-err><![CDATA[]]></system-err>
</testsuite>
