<?xml version="1.0" encoding="UTF-8"?>
<testsuite name="SimpleLinkedListTest" tests="7" skipped="0" failures="0" errors="0" timestamp="2024-04-16T09:45:52" hostname="LAPTOP-GIIS5511" time="0.235">
  <properties/>
  <testcase name="canReturnListAsArray()" classname="SimpleLinkedListTest" time="0.178"/>
  <testcase name="reverseReversesList()" classname="SimpleLinkedListTest" time="0.01"/>
  <testcase name="canCreateFromArray()" classname="SimpleLinkedListTest" time="0.008"/>
  <testcase name="canReturnEmptyListAsEmptyArray()" classname="SimpleLinkedListTest" time="0.002"/>
  <testcase name="popOnEmptyListWillThrow()" classname="SimpleLinkedListTest" time="0.013"/>
  <testcase name="popReturnsLastAddedElement()" classname="SimpleLinkedListTest" time="0.002"/>
  <testcase name="aNewListIsEmpty()" classname="SimpleLinkedListTest" time="0.003"/>
  <system-out><![CDATA[]]></system-out>
  <system-err><![CDATA[]]></system-err>
</testsuite>
